0 info it worked if it ends with ok
1 verbose cli [ 'C:\\Program Files\\nodejs\\node.exe',
1 verbose cli   'C:\\Program Files\\nodejs\\node_modules\\npm\\bin\\npm-cli.js',
1 verbose cli   'run',
1 verbose cli   'webpack' ]
2 info using npm@3.10.10
3 info using node@v6.11.3
4 verbose run-script [ 'prewebpack', 'webpack', 'postwebpack' ]
5 info lifecycle notesapp@0.0.1~prewebpack: notesapp@0.0.1
6 silly lifecycle notesapp@0.0.1~prewebpack: no script for prewebpack, continuing
7 info lifecycle notesapp@0.0.1~webpack: notesapp@0.0.1
8 verbose lifecycle notesapp@0.0.1~webpack: unsafe-perm in lifecycle true
9 verbose lifecycle notesapp@0.0.1~webpack: PATH: C:\Program Files\nodejs\node_modules\npm\bin\node-gyp-bin;C:\Users\Егор\Desktop\Новая папка\Notes\node_modules\.bin;C:\Program Files (x86)\Intel\iCLS Client\;C:\Program Files (x86)\NVIDIA Corporation\PhysX\Common;C:\Program Files\Java\jdk1.8.0_144;C:\Program Files\Intel\iCLS Client\;C:\WINDOWS\system32;C:\WINDOWS;C:\WINDOWS\System32\Wbem;C:\WINDOWS\System32\WindowsPowerShell\v1.0\;C:\WINDOWS\system32\config\systemprofile\.dnx\bin;C:\Program Files\Microsoft DNX\Dnvm\;C:\Program Files\Microsoft SQL Server\130\Tools\Binn\;C:\Program Files (x86)\Windows Kits\8.1\Windows Performance Toolkit\;C:\Program Files (x86)\Skype\Phone\;C:\Program Files\nodejs\;"C:\Program Files\Java\jdk1.8.0_144\bin";C:\Program Files (x86)\Intel\Intel(R) Management Engine Components\DAL;C:\Program Files\Intel\Intel(R) Management Engine Components\DAL;C:\Program Files (x86)\Intel\Intel(R) Management Engine Components\IPT;C:\Program Files\Intel\Intel(R) Management Engine Components\IPT;C:\Program Files\Intel\WiFi\bin\;C:\Program Files\Common Files\Intel\WirelessCommon\;C:\Users\Егор\AppData\Local\Programs\Python\Python36-32\Scripts\;C:\Users\Егор\AppData\Local\Programs\Python\Python36-32\;C:\Program Files\Java\jdk1.8.0_144\;C:\Users\Егор\AppData\Local\GitHubDesktop\bin;C:\Users\Егор\AppData\Roaming\npm;C:\Program Files\Microsoft VS Code\bin;C:\Program Files\MongoDB\Server\3.6\bin;%USERPROFILE%\AppData\Local\Microsoft\WindowsApps;
10 verbose lifecycle notesapp@0.0.1~webpack: CWD: C:\Users\Егор\Desktop\Новая папка\Notes
11 silly lifecycle notesapp@0.0.1~webpack: Args: [ '/d /s /c',
11 silly lifecycle   'webpack-dev-server --debug --hot --devtool eval-source-map --output-pathinfo --watch --colors --inline --content-base public --port 8090 --host 0.0.0.0' ]
12 silly lifecycle notesapp@0.0.1~webpack: Returned: code: 3221225786  signal: null
13 info lifecycle notesapp@0.0.1~webpack: Failed to exec webpack script
14 verbose stack Error: notesapp@0.0.1 webpack: `webpack-dev-server --debug --hot --devtool eval-source-map --output-pathinfo --watch --colors --inline --content-base public --port 8090 --host 0.0.0.0`
14 verbose stack Exit status 3221225786
14 verbose stack     at EventEmitter.<anonymous> (C:\Program Files\nodejs\node_modules\npm\lib\utils\lifecycle.js:255:16)
14 verbose stack     at emitTwo (events.js:106:13)
14 verbose stack     at EventEmitter.emit (events.js:191:7)
14 verbose stack     at ChildProcess.<anonymous> (C:\Program Files\nodejs\node_modules\npm\lib\utils\spawn.js:40:14)
14 verbose stack     at emitTwo (events.js:106:13)
14 verbose stack     at ChildProcess.emit (events.js:191:7)
14 verbose stack     at maybeClose (internal/child_process.js:920:16)
14 verbose stack     at Process.ChildProcess._handle.onexit (internal/child_process.js:230:5)
15 verbose pkgid notesapp@0.0.1
16 verbose cwd C:\Users\Егор\Desktop\Новая папка\Notes
17 error Windows_NT 10.0.16299
18 error argv "C:\\Program Files\\nodejs\\node.exe" "C:\\Program Files\\nodejs\\node_modules\\npm\\bin\\npm-cli.js" "run" "webpack"
19 error node v6.11.3
20 error npm  v3.10.10
21 error code ELIFECYCLE
22 error notesapp@0.0.1 webpack: `webpack-dev-server --debug --hot --devtool eval-source-map --output-pathinfo --watch --colors --inline --content-base public --port 8090 --host 0.0.0.0`
22 error Exit status 3221225786
23 error Failed at the notesapp@0.0.1 webpack script 'webpack-dev-server --debug --hot --devtool eval-source-map --output-pathinfo --watch --colors --inline --content-base public --port 8090 --host 0.0.0.0'.
23 error Make sure you have the latest version of node.js and npm installed.
23 error If you do, this is most likely a problem with the notesapp package,
23 error not with npm itself.
23 error Tell the author that this fails on your system:
23 error     webpack-dev-server --debug --hot --devtool eval-source-map --output-pathinfo --watch --colors --inline --content-base public --port 8090 --host 0.0.0.0
23 error You can get information on how to open an issue for this project with:
23 error     npm bugs notesapp
23 error Or if that isn't available, you can get their info via:
23 error     npm owner ls notesapp
23 error There is likely additional logging output above.
24 verbose exit [ 1, true ]
